<?xml version="1.0" encoding="UTF-8"?>
<testsuite xmlns:xsi="http://www.w3.org/2001/XMLSchema-instance" xsi:noNamespaceSchemaLocation="https://maven.apache.org/surefire/maven-surefire-plugin/xsd/surefire-test-report-3.0.xsd" version="3.0" name="gamelibrary.ManagerTest" time="0.001" tests="6" errors="0" skipped="0" failures="0">
  <properties>
    <property name="gopherProxySet" value="false"/>
    <property name="awt.toolkit" value="sun.lwawt.macosx.LWCToolkit"/>
    <property name="file.encoding.pkg" value="sun.io"/>
    <property name="java.specification.version" value="1.8"/>
    <property name="sun.cpu.isalist" value=""/>
    <property name="sun.jnu.encoding" value="UTF-8"/>
    <property name="java.class.path" value="/Users/victorsmits/Dropbox/ECAM/MIN 4/Architecture and software quality/Ludotheque/target/test-classes:/Users/victorsmits/Dropbox/ECAM/MIN 4/Architecture and software quality/Ludotheque/target/classes:/Users/victorsmits/.m2/repository/junit/junit/4.13-rc-1/junit-4.13-rc-1.jar:/Users/victorsmits/.m2/repository/org/hamcrest/hamcrest-core/1.3/hamcrest-core-1.3.jar:/Users/victorsmits/.m2/repository/com/googlecode/json-simple/json-simple/1.1.1/json-simple-1.1.1.jar:/Users/victorsmits/.m2/repository/org/apache/maven/plugins/maven-dependency-plugin/3.1.1/maven-dependency-plugin-3.1.1.jar:/Users/victorsmits/.m2/repository/org/apache/maven/maven-artifact/3.0/maven-artifact-3.0.jar:/Users/victorsmits/.m2/repository/org/apache/maven/maven-plugin-api/3.0/maven-plugin-api-3.0.jar:/Users/victorsmits/.m2/repository/org/sonatype/sisu/sisu-inject-plexus/1.4.2/sisu-inject-plexus-1.4.2.jar:/Users/victorsmits/.m2/repository/org/sonatype/sisu/sisu-inject-bean/1.4.2/sisu-inject-bean-1.4.2.jar:/Users/victorsmits/.m2/repository/org/sonatype/sisu/sisu-guice/2.1.7/sisu-guice-2.1.7-noaop.jar:/Users/victorsmits/.m2/repository/org/apache/maven/maven-model/3.0/maven-model-3.0.jar:/Users/victorsmits/.m2/repository/org/apache/maven/maven-core/3.0/maven-core-3.0.jar:/Users/victorsmits/.m2/repository/org/apache/maven/maven-settings/3.0/maven-settings-3.0.jar:/Users/victorsmits/.m2/repository/org/apache/maven/maven-settings-builder/3.0/maven-settings-builder-3.0.jar:/Users/victorsmits/.m2/repository/org/apache/maven/maven-model-builder/3.0/maven-model-builder-3.0.jar:/Users/victorsmits/.m2/repository/org/apache/maven/maven-aether-provider/3.0/maven-aether-provider-3.0.jar:/Users/victorsmits/.m2/repository/org/sonatype/aether/aether-impl/1.7/aether-impl-1.7.jar:/Users/victorsmits/.m2/repository/org/sonatype/aether/aether-spi/1.7/aether-spi-1.7.jar:/Users/victorsmits/.m2/repository/org/sonatype/aether/aether-api/1.7/aether-api-1.7.jar:/Users/victorsmits/.m2/repository/org/sonatype/aether/aether-util/1.7/aether-util-1.7.jar:/Users/victorsmits/.m2/repository/org/codehaus/plexus/plexus-interpolation/1.14/plexus-interpolation-1.14.jar:/Users/victorsmits/.m2/repository/org/codehaus/plexus/plexus-classworlds/2.2.3/plexus-classworlds-2.2.3.jar:/Users/victorsmits/.m2/repository/org/codehaus/plexus/plexus-component-annotations/1.5.5/plexus-component-annotations-1.5.5.jar:/Users/victorsmits/.m2/repository/org/sonatype/plexus/plexus-sec-dispatcher/1.3/plexus-sec-dispatcher-1.3.jar:/Users/victorsmits/.m2/repository/org/sonatype/plexus/plexus-cipher/1.4/plexus-cipher-1.4.jar:/Users/victorsmits/.m2/repository/org/apache/maven/maven-repository-metadata/3.0/maven-repository-metadata-3.0.jar:/Users/victorsmits/.m2/repository/org/apache/maven/reporting/maven-reporting-api/3.0/maven-reporting-api-3.0.jar:/Users/victorsmits/.m2/repository/org/apache/maven/reporting/maven-reporting-impl/2.3/maven-reporting-impl-2.3.jar:/Users/victorsmits/.m2/repository/org/apache/maven/doxia/doxia-core/1.2/doxia-core-1.2.jar:/Users/victorsmits/.m2/repository/xerces/xercesImpl/2.9.1/xercesImpl-2.9.1.jar:/Users/victorsmits/.m2/repository/xml-apis/xml-apis/1.3.04/xml-apis-1.3.04.jar:/Users/victorsmits/.m2/repository/org/apache/httpcomponents/httpclient/4.0.2/httpclient-4.0.2.jar:/Users/victorsmits/.m2/repository/org/apache/httpcomponents/httpcore/4.0.1/httpcore-4.0.1.jar:/Users/victorsmits/.m2/repository/commons-validator/commons-validator/1.3.1/commons-validator-1.3.1.jar:/Users/victorsmits/.m2/repository/commons-beanutils/commons-beanutils/1.7.0/commons-beanutils-1.7.0.jar:/Users/victorsmits/.m2/repository/commons-digester/commons-digester/1.6/commons-digester-1.6.jar:/Users/victorsmits/.m2/repository/commons-logging/commons-logging/1.0.4/commons-logging-1.0.4.jar:/Users/victorsmits/.m2/repository/commons-io/commons-io/2.5/commons-io-2.5.jar:/Users/victorsmits/.m2/repository/org/apache/maven/doxia/doxia-sink-api/1.4/doxia-sink-api-1.4.jar:/Users/victorsmits/.m2/repository/org/apache/maven/doxia/doxia-logging-api/1.4/doxia-logging-api-1.4.jar:/Users/victorsmits/.m2/repository/org/apache/maven/doxia/doxia-site-renderer/1.4/doxia-site-renderer-1.4.jar:/Users/victorsmits/.m2/repository/org/apache/maven/doxia/doxia-decoration-model/1.4/doxia-decoration-model-1.4.jar:/Users/victorsmits/.m2/repository/org/apache/maven/doxia/doxia-module-xhtml/1.4/doxia-module-xhtml-1.4.jar:/Users/victorsmits/.m2/repository/org/apache/maven/doxia/doxia-module-fml/1.4/doxia-module-fml-1.4.jar:/Users/victorsmits/.m2/repository/org/codehaus/plexus/plexus-i18n/1.0-beta-7/plexus-i18n-1.0-beta-7.jar:/Users/victorsmits/.m2/repository/org/codehaus/plexus/plexus-container-default/1.0-alpha-30/plexus-container-default-1.0-alpha-30.jar:/Users/victorsmits/.m2/repository/org/codehaus/plexus/plexus-velocity/1.1.7/plexus-velocity-1.1.7.jar:/Users/victorsmits/.m2/repository/org/apache/velocity/velocity/1.5/velocity-1.5.jar:/Users/victorsmits/.m2/repository/oro/oro/2.0.8/oro-2.0.8.jar:/Users/victorsmits/.m2/repository/org/apache/velocity/velocity-tools/2.0/velocity-tools-2.0.jar:/Users/victorsmits/.m2/repository/commons-chain/commons-chain/1.1/commons-chain-1.1.jar:/Users/victorsmits/.m2/repository/dom4j/dom4j/1.1/dom4j-1.1.jar:/Users/victorsmits/.m2/repository/sslext/sslext/1.2-0/sslext-1.2-0.jar:/Users/victorsmits/.m2/repository/org/apache/struts/struts-core/1.3.8/struts-core-1.3.8.jar:/Users/victorsmits/.m2/repository/antlr/antlr/2.7.2/antlr-2.7.2.jar:/Users/victorsmits/.m2/repository/org/apache/struts/struts-taglib/1.3.8/struts-taglib-1.3.8.jar:/Users/victorsmits/.m2/repository/org/apache/struts/struts-tiles/1.3.8/struts-tiles-1.3.8.jar:/Users/victorsmits/.m2/repository/org/codehaus/plexus/plexus-archiver/3.6.0/plexus-archiver-3.6.0.jar:/Users/victorsmits/.m2/repository/org/apache/commons/commons-compress/1.16.1/commons-compress-1.16.1.jar:/Users/victorsmits/.m2/repository/org/objenesis/objenesis/2.6/objenesis-2.6.jar:/Users/victorsmits/.m2/repository/org/iq80/snappy/snappy/0.4/snappy-0.4.jar:/Users/victorsmits/.m2/repository/org/tukaani/xz/1.8/xz-1.8.jar:/Users/victorsmits/.m2/repository/org/codehaus/plexus/plexus-utils/3.1.0/plexus-utils-3.1.0.jar:/Users/victorsmits/.m2/repository/org/apache/maven/shared/file-management/3.0.0/file-management-3.0.0.jar:/Users/victorsmits/.m2/repository/org/apache/maven/shared/maven-shared-io/3.0.0/maven-shared-io-3.0.0.jar:/Users/victorsmits/.m2/repository/org/apache/maven/maven-compat/3.0/maven-compat-3.0.jar:/Users/victorsmits/.m2/repository/org/apache/maven/wagon/wagon-provider-api/2.10/wagon-provider-api-2.10.jar:/Users/victorsmits/.m2/repository/org/codehaus/plexus/plexus-io/3.0.0/plexus-io-3.0.0.jar:/Users/victorsmits/.m2/repository/org/apache/maven/shared/maven-dependency-analyzer/1.10/maven-dependency-analyzer-1.10.jar:/Users/victorsmits/.m2/repository/org/ow2/asm/asm/6.1.1/asm-6.1.1.jar:/Users/victorsmits/.m2/repository/org/apache/maven/shared/maven-dependency-tree/3.0.1/maven-dependency-tree-3.0.1.jar:/Users/victorsmits/.m2/repository/org/eclipse/aether/aether-util/0.9.0.M2/aether-util-0.9.0.M2.jar:/Users/victorsmits/.m2/repository/org/apache/maven/shared/maven-common-artifact-filters/3.0.1/maven-common-artifact-filters-3.0.1.jar:/Users/victorsmits/.m2/repository/org/apache/maven/shared/maven-artifact-transfer/0.9.1/maven-artifact-transfer-0.9.1.jar:/Users/victorsmits/.m2/repository/commons-codec/commons-codec/1.6/commons-codec-1.6.jar:/Users/victorsmits/.m2/repository/org/slf4j/slf4j-api/1.7.5/slf4j-api-1.7.5.jar:/Users/victorsmits/.m2/repository/org/apache/maven/shared/maven-shared-utils/3.2.0/maven-shared-utils-3.2.0.jar:/Users/victorsmits/.m2/repository/commons-lang/commons-lang/2.6/commons-lang-2.6.jar:/Users/victorsmits/.m2/repository/commons-collections/commons-collections/3.2.2/commons-collections-3.2.2.jar:/Users/victorsmits/.m2/repository/classworlds/classworlds/1.1/classworlds-1.1.jar:"/>
    <property name="java.vm.vendor" value="Oracle Corporation"/>
    <property name="sun.arch.data.model" value="64"/>
    <property name="java.vendor.url" value="http://java.oracle.com/"/>
    <property name="user.timezone" value=""/>
    <property name="java.vm.specification.version" value="1.8"/>
    <property name="os.name" value="Mac OS X"/>
    <property name="user.country" value="BE"/>
    <property name="sun.java.launcher" value="SUN_STANDARD"/>
    <property name="sun.boot.library.path" value="/Library/Java/JavaVirtualMachines/jdk1.8.0_101.jdk/Contents/Home/jre/lib"/>
    <property name="sun.java.command" value="/Users/victorsmits/Dropbox/ECAM/MIN 4/Architecture and software quality/Ludotheque/target/surefire/surefirebooter3727023008404480398.jar /Users/victorsmits/Dropbox/ECAM/MIN 4/Architecture and software quality/Ludotheque/target/surefire 2019-11-21T10-01-57_648-jvmRun1 surefire5447984259822954633tmp surefire_02201510408285019352tmp"/>
    <property name="http.nonProxyHosts" value="local|*.local|169.254/16|*.169.254/16"/>
    <property name="surefire.test.class.path" value="/Users/victorsmits/Dropbox/ECAM/MIN 4/Architecture and software quality/Ludotheque/target/test-classes:/Users/victorsmits/Dropbox/ECAM/MIN 4/Architecture and software quality/Ludotheque/target/classes:/Users/victorsmits/.m2/repository/junit/junit/4.13-rc-1/junit-4.13-rc-1.jar:/Users/victorsmits/.m2/repository/org/hamcrest/hamcrest-core/1.3/hamcrest-core-1.3.jar:/Users/victorsmits/.m2/repository/com/googlecode/json-simple/json-simple/1.1.1/json-simple-1.1.1.jar:/Users/victorsmits/.m2/repository/org/apache/maven/plugins/maven-dependency-plugin/3.1.1/maven-dependency-plugin-3.1.1.jar:/Users/victorsmits/.m2/repository/org/apache/maven/maven-artifact/3.0/maven-artifact-3.0.jar:/Users/victorsmits/.m2/repository/org/apache/maven/maven-plugin-api/3.0/maven-plugin-api-3.0.jar:/Users/victorsmits/.m2/repository/org/sonatype/sisu/sisu-inject-plexus/1.4.2/sisu-inject-plexus-1.4.2.jar:/Users/victorsmits/.m2/repository/org/sonatype/sisu/sisu-inject-bean/1.4.2/sisu-inject-bean-1.4.2.jar:/Users/victorsmits/.m2/repository/org/sonatype/sisu/sisu-guice/2.1.7/sisu-guice-2.1.7-noaop.jar:/Users/victorsmits/.m2/repository/org/apache/maven/maven-model/3.0/maven-model-3.0.jar:/Users/victorsmits/.m2/repository/org/apache/maven/maven-core/3.0/maven-core-3.0.jar:/Users/victorsmits/.m2/repository/org/apache/maven/maven-settings/3.0/maven-settings-3.0.jar:/Users/victorsmits/.m2/repository/org/apache/maven/maven-settings-builder/3.0/maven-settings-builder-3.0.jar:/Users/victorsmits/.m2/repository/org/apache/maven/maven-model-builder/3.0/maven-model-builder-3.0.jar:/Users/victorsmits/.m2/repository/org/apache/maven/maven-aether-provider/3.0/maven-aether-provider-3.0.jar:/Users/victorsmits/.m2/repository/org/sonatype/aether/aether-impl/1.7/aether-impl-1.7.jar:/Users/victorsmits/.m2/repository/org/sonatype/aether/aether-spi/1.7/aether-spi-1.7.jar:/Users/victorsmits/.m2/repository/org/sonatype/aether/aether-api/1.7/aether-api-1.7.jar:/Users/victorsmits/.m2/repository/org/sonatype/aether/aether-util/1.7/aether-util-1.7.jar:/Users/victorsmits/.m2/repository/org/codehaus/plexus/plexus-interpolation/1.14/plexus-interpolation-1.14.jar:/Users/victorsmits/.m2/repository/org/codehaus/plexus/plexus-classworlds/2.2.3/plexus-classworlds-2.2.3.jar:/Users/victorsmits/.m2/repository/org/codehaus/plexus/plexus-component-annotations/1.5.5/plexus-component-annotations-1.5.5.jar:/Users/victorsmits/.m2/repository/org/sonatype/plexus/plexus-sec-dispatcher/1.3/plexus-sec-dispatcher-1.3.jar:/Users/victorsmits/.m2/repository/org/sonatype/plexus/plexus-cipher/1.4/plexus-cipher-1.4.jar:/Users/victorsmits/.m2/repository/org/apache/maven/maven-repository-metadata/3.0/maven-repository-metadata-3.0.jar:/Users/victorsmits/.m2/repository/org/apache/maven/reporting/maven-reporting-api/3.0/maven-reporting-api-3.0.jar:/Users/victorsmits/.m2/repository/org/apache/maven/reporting/maven-reporting-impl/2.3/maven-reporting-impl-2.3.jar:/Users/victorsmits/.m2/repository/org/apache/maven/doxia/doxia-core/1.2/doxia-core-1.2.jar:/Users/victorsmits/.m2/repository/xerces/xercesImpl/2.9.1/xercesImpl-2.9.1.jar:/Users/victorsmits/.m2/repository/xml-apis/xml-apis/1.3.04/xml-apis-1.3.04.jar:/Users/victorsmits/.m2/repository/org/apache/httpcomponents/httpclient/4.0.2/httpclient-4.0.2.jar:/Users/victorsmits/.m2/repository/org/apache/httpcomponents/httpcore/4.0.1/httpcore-4.0.1.jar:/Users/victorsmits/.m2/repository/commons-validator/commons-validator/1.3.1/commons-validator-1.3.1.jar:/Users/victorsmits/.m2/repository/commons-beanutils/commons-beanutils/1.7.0/commons-beanutils-1.7.0.jar:/Users/victorsmits/.m2/repository/commons-digester/commons-digester/1.6/commons-digester-1.6.jar:/Users/victorsmits/.m2/repository/commons-logging/commons-logging/1.0.4/commons-logging-1.0.4.jar:/Users/victorsmits/.m2/repository/commons-io/commons-io/2.5/commons-io-2.5.jar:/Users/victorsmits/.m2/repository/org/apache/maven/doxia/doxia-sink-api/1.4/doxia-sink-api-1.4.jar:/Users/victorsmits/.m2/repository/org/apache/maven/doxia/doxia-logging-api/1.4/doxia-logging-api-1.4.jar:/Users/victorsmits/.m2/repository/org/apache/maven/doxia/doxia-site-renderer/1.4/doxia-site-renderer-1.4.jar:/Users/victorsmits/.m2/repository/org/apache/maven/doxia/doxia-decoration-model/1.4/doxia-decoration-model-1.4.jar:/Users/victorsmits/.m2/repository/org/apache/maven/doxia/doxia-module-xhtml/1.4/doxia-module-xhtml-1.4.jar:/Users/victorsmits/.m2/repository/org/apache/maven/doxia/doxia-module-fml/1.4/doxia-module-fml-1.4.jar:/Users/victorsmits/.m2/repository/org/codehaus/plexus/plexus-i18n/1.0-beta-7/plexus-i18n-1.0-beta-7.jar:/Users/victorsmits/.m2/repository/org/codehaus/plexus/plexus-container-default/1.0-alpha-30/plexus-container-default-1.0-alpha-30.jar:/Users/victorsmits/.m2/repository/org/codehaus/plexus/plexus-velocity/1.1.7/plexus-velocity-1.1.7.jar:/Users/victorsmits/.m2/repository/org/apache/velocity/velocity/1.5/velocity-1.5.jar:/Users/victorsmits/.m2/repository/oro/oro/2.0.8/oro-2.0.8.jar:/Users/victorsmits/.m2/repository/org/apache/velocity/velocity-tools/2.0/velocity-tools-2.0.jar:/Users/victorsmits/.m2/repository/commons-chain/commons-chain/1.1/commons-chain-1.1.jar:/Users/victorsmits/.m2/repository/dom4j/dom4j/1.1/dom4j-1.1.jar:/Users/victorsmits/.m2/repository/sslext/sslext/1.2-0/sslext-1.2-0.jar:/Users/victorsmits/.m2/repository/org/apache/struts/struts-core/1.3.8/struts-core-1.3.8.jar:/Users/victorsmits/.m2/repository/antlr/antlr/2.7.2/antlr-2.7.2.jar:/Users/victorsmits/.m2/repository/org/apache/struts/struts-taglib/1.3.8/struts-taglib-1.3.8.jar:/Users/victorsmits/.m2/repository/org/apache/struts/struts-tiles/1.3.8/struts-tiles-1.3.8.jar:/Users/victorsmits/.m2/repository/org/codehaus/plexus/plexus-archiver/3.6.0/plexus-archiver-3.6.0.jar:/Users/victorsmits/.m2/repository/org/apache/commons/commons-compress/1.16.1/commons-compress-1.16.1.jar:/Users/victorsmits/.m2/repository/org/objenesis/objenesis/2.6/objenesis-2.6.jar:/Users/victorsmits/.m2/repository/org/iq80/snappy/snappy/0.4/snappy-0.4.jar:/Users/victorsmits/.m2/repository/org/tukaani/xz/1.8/xz-1.8.jar:/Users/victorsmits/.m2/repository/org/codehaus/plexus/plexus-utils/3.1.0/plexus-utils-3.1.0.jar:/Users/victorsmits/.m2/repository/org/apache/maven/shared/file-management/3.0.0/file-management-3.0.0.jar:/Users/victorsmits/.m2/repository/org/apache/maven/shared/maven-shared-io/3.0.0/maven-shared-io-3.0.0.jar:/Users/victorsmits/.m2/repository/org/apache/maven/maven-compat/3.0/maven-compat-3.0.jar:/Users/victorsmits/.m2/repository/org/apache/maven/wagon/wagon-provider-api/2.10/wagon-provider-api-2.10.jar:/Users/victorsmits/.m2/repository/org/codehaus/plexus/plexus-io/3.0.0/plexus-io-3.0.0.jar:/Users/victorsmits/.m2/repository/org/apache/maven/shared/maven-dependency-analyzer/1.10/maven-dependency-analyzer-1.10.jar:/Users/victorsmits/.m2/repository/org/ow2/asm/asm/6.1.1/asm-6.1.1.jar:/Users/victorsmits/.m2/repository/org/apache/maven/shared/maven-dependency-tree/3.0.1/maven-dependency-tree-3.0.1.jar:/Users/victorsmits/.m2/repository/org/eclipse/aether/aether-util/0.9.0.M2/aether-util-0.9.0.M2.jar:/Users/victorsmits/.m2/repository/org/apache/maven/shared/maven-common-artifact-filters/3.0.1/maven-common-artifact-filters-3.0.1.jar:/Users/victorsmits/.m2/repository/org/apache/maven/shared/maven-artifact-transfer/0.9.1/maven-artifact-transfer-0.9.1.jar:/Users/victorsmits/.m2/repository/commons-codec/commons-codec/1.6/commons-codec-1.6.jar:/Users/victorsmits/.m2/repository/org/slf4j/slf4j-api/1.7.5/slf4j-api-1.7.5.jar:/Users/victorsmits/.m2/repository/org/apache/maven/shared/maven-shared-utils/3.2.0/maven-shared-utils-3.2.0.jar:/Users/victorsmits/.m2/repository/commons-lang/commons-lang/2.6/commons-lang-2.6.jar:/Users/victorsmits/.m2/repository/commons-collections/commons-collections/3.2.2/commons-collections-3.2.2.jar:/Users/victorsmits/.m2/repository/classworlds/classworlds/1.1/classworlds-1.1.jar:"/>
    <property name="sun.cpu.endian" value="little"/>
    <property name="user.home" value="/Users/victorsmits"/>
    <property name="user.language" value="fr"/>
    <property name="java.specification.vendor" value="Oracle Corporation"/>
    <property name="java.home" value="/Library/Java/JavaVirtualMachines/jdk1.8.0_101.jdk/Contents/Home/jre"/>
    <property name="basedir" value="/Users/victorsmits/Dropbox/ECAM/MIN 4/Architecture and software quality/Ludotheque"/>
    <property name="file.separator" value="/"/>
    <property name="line.separator" value="&#10;"/>
    <property name="java.vm.specification.vendor" value="Oracle Corporation"/>
    <property name="java.specification.name" value="Java Platform API Specification"/>
    <property name="java.awt.graphicsenv" value="sun.awt.CGraphicsEnvironment"/>
    <property name="surefire.real.class.path" value="/Users/victorsmits/Dropbox/ECAM/MIN 4/Architecture and software quality/Ludotheque/target/surefire/surefirebooter3727023008404480398.jar"/>
    <property name="sun.boot.class.path" value="/Library/Java/JavaVirtualMachines/jdk1.8.0_101.jdk/Contents/Home/jre/lib/resources.jar:/Library/Java/JavaVirtualMachines/jdk1.8.0_101.jdk/Contents/Home/jre/lib/rt.jar:/Library/Java/JavaVirtualMachines/jdk1.8.0_101.jdk/Contents/Home/jre/lib/sunrsasign.jar:/Library/Java/JavaVirtualMachines/jdk1.8.0_101.jdk/Contents/Home/jre/lib/jsse.jar:/Library/Java/JavaVirtualMachines/jdk1.8.0_101.jdk/Contents/Home/jre/lib/jce.jar:/Library/Java/JavaVirtualMachines/jdk1.8.0_101.jdk/Contents/Home/jre/lib/charsets.jar:/Library/Java/JavaVirtualMachines/jdk1.8.0_101.jdk/Contents/Home/jre/lib/jfr.jar:/Library/Java/JavaVirtualMachines/jdk1.8.0_101.jdk/Contents/Home/jre/classes"/>
    <property name="sun.management.compiler" value="HotSpot 64-Bit Tiered Compilers"/>
    <property name="ftp.nonProxyHosts" value="local|*.local|169.254/16|*.169.254/16"/>
    <property name="java.runtime.version" value="1.8.0_101-b13"/>
    <property name="user.name" value="victorsmits"/>
    <property name="path.separator" value=":"/>
    <property name="os.version" value="10.14.6"/>
    <property name="java.endorsed.dirs" value="/Library/Java/JavaVirtualMachines/jdk1.8.0_101.jdk/Contents/Home/jre/lib/endorsed"/>
    <property name="java.runtime.name" value="Java(TM) SE Runtime Environment"/>
    <property name="file.encoding" value="UTF-8"/>
    <property name="java.vm.name" value="Java HotSpot(TM) 64-Bit Server VM"/>
    <property name="localRepository" value="/Users/victorsmits/.m2/repository"/>
    <property name="java.vendor.url.bug" value="http://bugreport.sun.com/bugreport/"/>
    <property name="java.io.tmpdir" value="/var/folders/36/5_61555s61l9p3mn1sh52g2r0000gn/T/"/>
    <property name="java.version" value="1.8.0_101"/>
    <property name="user.dir" value="/Users/victorsmits/Dropbox/ECAM/MIN 4/Architecture and software quality/Ludotheque"/>
    <property name="os.arch" value="x86_64"/>
    <property name="java.vm.specification.name" value="Java Virtual Machine Specification"/>
    <property name="java.awt.printerjob" value="sun.lwawt.macosx.CPrinterJob"/>
    <property name="sun.os.patch.level" value="unknown"/>
    <property name="java.library.path" value="/Users/victorsmits/Library/Java/Extensions:/Library/Java/Extensions:/Network/Library/Java/Extensions:/System/Library/Java/Extensions:/usr/lib/java:."/>
    <property name="java.vm.info" value="mixed mode"/>
    <property name="java.vendor" value="Oracle Corporation"/>
    <property name="java.vm.version" value="25.101-b13"/>
    <property name="idea.version2019.3" value="true"/>
    <property name="java.ext.dirs" value="/Users/victorsmits/Library/Java/Extensions:/Library/Java/JavaVirtualMachines/jdk1.8.0_101.jdk/Contents/Home/jre/lib/ext:/Library/Java/Extensions:/Network/Library/Java/Extensions:/System/Library/Java/Extensions:/usr/lib/java"/>
    <property name="sun.io.unicode.encoding" value="UnicodeBig"/>
    <property name="java.class.version" value="52.0"/>
    <property name="socksNonProxyHosts" value="local|*.local|169.254/16|*.169.254/16"/>
  </properties>
  <testcase name="testAddVideoGame" classname="gamelibrary.ManagerTest" time="0"/>
  <testcase name="testGetBorrowList" classname="gamelibrary.ManagerTest" time="0"/>
  <testcase name="testAddBoardGame" classname="gamelibrary.ManagerTest" time="0"/>
  <testcase name="testAddToy" classname="gamelibrary.ManagerTest" time="0"/>
  <testcase name="testSetInstance" classname="gamelibrary.ManagerTest" time="0"/>
  <testcase name="testGetInstance" classname="gamelibrary.ManagerTest" time="0"/>
</testsuite>